<?xml version="1.0" encoding="UTF-8"?>
<!-- Generated by org.testng.reporters.JUnitXMLReporter -->
<testsuite hostname="Farzanas-MBP.fios-router.home" name="Test" tests="3" failures="0" timestamp="2 Mar 2020 17:40:04 GMT" time="43.162" errors="0">
  <testcase name="feature" time="13.387" classname="etsy.runner.RunnerClass"/>
  <testcase name="feature" time="12.122" classname="etsy.runner.RunnerClass"/>
  <testcase name="feature" time="16.976" classname="etsy.runner.RunnerClass"/>
</testsuite> <!-- Test -->
